TN:
SF:C:\_dev\nathan\pluralsight\angular\Angular-Cli\module06\angular-routing\src\polyfills.ts
FNF:0
FNH:0
LF:0
LH:0
BRF:0
BRH:0
end_of_record
TN:
SF:C:\_dev\nathan\pluralsight\angular\Angular-Cli\module06\angular-routing\src\test.ts
FNF:0
FNH:0
DA:13,1
DA:18,1
DA:20,1
LF:3
LH:3
BRF:0
BRH:0
end_of_record
TN:
SF:C:\_dev\nathan\pluralsight\angular\Angular-Cli\module06\angular-routing\src\app\app.component.ts
FN:3,AppComponent
FNF:1
FNH:1
FNDA:3,AppComponent
DA:8,1
DA:9,3
DA:10,1
LF:3
LH:3
BRF:0
BRH:0
end_of_record
TN:
SF:C:\_dev\nathan\pluralsight\angular\Angular-Cli\module06\angular-routing\src\app\admin\admin.component.ts
FN:10,AdminComponent
FN:12,(anonymous_2)
FNF:2
FNH:2
FNDA:1,AdminComponent
FNDA:1,(anonymous_2)
DA:8,1
DA:12,1
DA:15,1
LF:3
LH:3
BRF:0
BRH:0
end_of_record
TN:
SF:C:\_dev\nathan\pluralsight\angular\Angular-Cli\module06\angular-routing\src\app\admin\email-blast\email-blast.component.ts
FN:10,EmailBlastComponent
FN:12,(anonymous_2)
FNF:2
FNH:2
FNDA:1,EmailBlastComponent
FNDA:1,(anonymous_2)
DA:8,1
DA:12,1
DA:15,1
LF:3
LH:3
BRF:0
BRH:0
end_of_record
TN:
SF:C:\_dev\nathan\pluralsight\angular\Angular-Cli\module06\angular-routing\src\app\admin\users\users.component.ts
FN:10,UsersComponent
FN:12,(anonymous_2)
FNF:2
FNH:2
FNDA:1,UsersComponent
FNDA:1,(anonymous_2)
DA:8,1
DA:12,1
DA:15,1
LF:3
LH:3
BRF:0
BRH:0
end_of_record
TN:
SF:C:\_dev\nathan\pluralsight\angular\Angular-Cli\module06\angular-routing\src\app\customer\customer.component.ts
FN:10,CustomerComponent
FN:12,(anonymous_2)
FNF:2
FNH:2
FNDA:1,CustomerComponent
FNDA:1,(anonymous_2)
DA:8,1
DA:12,1
DA:15,1
LF:3
LH:3
BRF:0
BRH:0
end_of_record
TN:
SF:C:\_dev\nathan\pluralsight\angular\Angular-Cli\module06\angular-routing\src\app\customer-list\customer-list-datasource.ts
FN:41,(anonymous_0)
FN:44,CustomerListDataSource
FN:53,(anonymous_2)
FN:65,(anonymous_3)
FN:74,(anonymous_4)
FN:80,(anonymous_5)
FN:89,(anonymous_6)
FN:94,(anonymous_7)
FN:106,compare
FNF:9
FNH:7
FNDA:1,(anonymous_0)
FNDA:2,CustomerListDataSource
FNDA:2,(anonymous_2)
FNDA:2,(anonymous_3)
FNDA:2,(anonymous_4)
FNDA:2,(anonymous_5)
FNDA:2,(anonymous_6)
FNDA:0,(anonymous_7)
FNDA:0,compare
DA:41,1
DA:42,2
DA:44,2
DA:45,2
DA:53,2
DA:63,2
DA:65,2
DA:66,2
DA:74,1
DA:80,1
DA:81,2
DA:82,2
DA:89,2
DA:91,2
DA:94,0
DA:95,0
DA:97,0
DA:98,0
DA:99,0
DA:103,1
DA:107,0
LF:21
LH:15
BRDA:45,0,0,2
BRDA:45,0,1,2
BRDA:90,1,0,2
BRDA:90,1,1,0
BRDA:97,2,0,0
BRDA:97,2,1,0
BRDA:97,2,2,0
BRDA:107,3,0,0
BRDA:107,3,1,0
BRDA:107,4,0,0
BRDA:107,4,1,0
BRF:11
BRH:3
end_of_record
TN:
SF:C:\_dev\nathan\pluralsight\angular\Angular-Cli\module06\angular-routing\src\app\customer-list\customer-list.component.ts
FN:5,CustomerListComponent
FN:18,(anonymous_2)
FNF:2
FNH:2
FNDA:2,CustomerListComponent
FNDA:2,(anonymous_2)
DA:10,1
DA:11,1
DA:12,1
DA:16,2
DA:18,1
DA:19,2
DA:21,1
LF:7
LH:7
BRF:0
BRH:0
end_of_record
TN:
SF:C:\_dev\nathan\pluralsight\angular\Angular-Cli\module06\angular-routing\src\app\dashboard\dashboard.component.ts
FN:32,DashboardComponent
FN:13,(anonymous_2)
FNF:2
FNH:2
FNDA:1,DashboardComponent
FNDA:1,(anonymous_2)
DA:10,1
DA:12,1
DA:13,1
DA:15,1
DA:23,0
DA:32,1
DA:33,1
LF:7
LH:6
BRF:0
BRH:0
end_of_record
TN:
SF:C:\_dev\nathan\pluralsight\angular\Angular-Cli\module06\angular-routing\src\app\nav\nav.component.ts
FN:18,NavComponent
FN:15,(anonymous_2)
FNF:2
FNH:2
FNDA:4,NavComponent
FNDA:8,(anonymous_2)
DA:11,1
DA:13,4
DA:15,8
DA:18,4
DA:20,1
LF:5
LH:5
BRF:0
BRH:0
end_of_record
